============= STORED DATA ==============

2022/04/20 17:51:25

Sentron pH Meter
Type: SI600
S/N: 22874


Last calibration:
Date     Time  Type
22/04/20 16:52 Sentron buffers
Buffer   Temp  Slope
 4.000   23.3  *****
 7.000   23.3   99.9
10.000   23.5  101.6


Measurement logs:
Date     Time     Name    pH     Temp
22/04/20 17:24:34 LOG_000  7.340  23.8
22/04/20 17:25:35 LOG_000  7.375  23.9
22/04/20 17:26:35 LOG_000  7.480  23.9


Measurement samples:
Date     Time     Name    pH     Temp
22/04/20 17:23:31 SAMP000  7.240  23.8


Report generated by: . . . . . . . . . .
================= END ==================
